#0 building with "default" instance using docker driver

#1 [internal] load .dockerignore
#1 transferring context: 2B done
#1 DONE 0.1s

#2 [internal] load build definition from Dockerfile
#2 transferring dockerfile: 2.06kB done
#2 DONE 0.1s

#3 [internal] load metadata for docker.io/grafana/grafana:latest
#3 DONE 1.1s

#4 [1/4] FROM docker.io/grafana/grafana:latest@sha256:be0359383ed7d8436c53760cf8ff3671043ee3e0169f363ef33ecb329102fe4c
#4 resolve docker.io/grafana/grafana:latest@sha256:be0359383ed7d8436c53760cf8ff3671043ee3e0169f363ef33ecb329102fe4c 0.0s done
#4 sha256:be0359383ed7d8436c53760cf8ff3671043ee3e0169f363ef33ecb329102fe4c 743B / 743B done
#4 sha256:96526aa774ef0126ad0fe9e9a95764c5fc37f409ab9e97021e7b4775d82bf6fa 0B / 3.40MB 0.1s
#4 sha256:c3f80c6ea12fb94d216c4f6f6eddd715f4125c37e400d54c0676c56514495b14 0B / 139B 0.1s
#4 sha256:40aaa21a9f7602816b754eb293139c3173629b83829faf1f510e19f76e486e41 2.42kB / 2.42kB done
#4 sha256:a00c0638216fa5816610c6d67a2a7d84a277ffdc3a1bbfc9606119cbd91575eb 7.17kB / 7.17kB done
#4 sha256:f019ff6ad76f2376f6b231d85a80fa9c50225125ca145accfa837c136f35af65 0B / 3.05MB 0.1s
#4 sha256:96526aa774ef0126ad0fe9e9a95764c5fc37f409ab9e97021e7b4775d82bf6fa 3.40MB / 3.40MB 0.3s done
#4 extracting sha256:96526aa774ef0126ad0fe9e9a95764c5fc37f409ab9e97021e7b4775d82bf6fa
#4 extracting sha256:96526aa774ef0126ad0fe9e9a95764c5fc37f409ab9e97021e7b4775d82bf6fa 0.1s done
#4 sha256:6f1334162dbd22de64415efda6a86da26465952016a4d7e8ee04dc5b3c4bcec0 0B / 4.69MB 0.4s
#4 extracting sha256:c3f80c6ea12fb94d216c4f6f6eddd715f4125c37e400d54c0676c56514495b14
#4 sha256:c3f80c6ea12fb94d216c4f6f6eddd715f4125c37e400d54c0676c56514495b14 139B / 139B 0.5s done
#4 extracting sha256:c3f80c6ea12fb94d216c4f6f6eddd715f4125c37e400d54c0676c56514495b14 done
#4 sha256:c5a70bb6423c1156fb63b5c572f0e2329ff3942b7be28669edfd8cbcd419375f 0B / 43.58kB 0.6s
#4 sha256:f019ff6ad76f2376f6b231d85a80fa9c50225125ca145accfa837c136f35af65 3.05MB / 3.05MB 0.7s
#4 sha256:6f1334162dbd22de64415efda6a86da26465952016a4d7e8ee04dc5b3c4bcec0 4.69MB / 4.69MB 0.6s done
#4 sha256:c5a70bb6423c1156fb63b5c572f0e2329ff3942b7be28669edfd8cbcd419375f 43.58kB / 43.58kB 0.7s done
#4 sha256:c10a359f79c52dda530296840db7d7fb0e68b0c1e13039794ec91d863006f5ed 0B / 22.13kB 0.7s
#4 sha256:f019ff6ad76f2376f6b231d85a80fa9c50225125ca145accfa837c136f35af65 3.05MB / 3.05MB 0.7s done
#4 sha256:c10a359f79c52dda530296840db7d7fb0e68b0c1e13039794ec91d863006f5ed 22.13kB / 22.13kB 0.8s done
#4 extracting sha256:f019ff6ad76f2376f6b231d85a80fa9c50225125ca145accfa837c136f35af65 0.1s
#4 sha256:544d3744fe87ea7a13487b79053799d122ae400a5df5df1ac5eaae87e3d0f5da 0B / 45.49MB 0.8s
#4 sha256:039ac791813510270a27b39b7aaafe0aaaa3ceb016656fc60f905c4ef289b86c 0B / 11.92kB 0.8s
#4 sha256:b705a9706bbcebf1fd19520a89968cffceaf970131f24d1fc4598667dcd242e5 0B / 54.33MB 0.8s
#4 extracting sha256:f019ff6ad76f2376f6b231d85a80fa9c50225125ca145accfa837c136f35af65 0.2s done
#4 sha256:544d3744fe87ea7a13487b79053799d122ae400a5df5df1ac5eaae87e3d0f5da 7.34MB / 45.49MB 1.1s
#4 sha256:b705a9706bbcebf1fd19520a89968cffceaf970131f24d1fc4598667dcd242e5 9.44MB / 54.33MB 1.1s
#4 sha256:544d3744fe87ea7a13487b79053799d122ae400a5df5df1ac5eaae87e3d0f5da 10.49MB / 45.49MB 1.2s
#4 sha256:039ac791813510270a27b39b7aaafe0aaaa3ceb016656fc60f905c4ef289b86c 11.92kB / 11.92kB 1.1s done
#4 sha256:b705a9706bbcebf1fd19520a89968cffceaf970131f24d1fc4598667dcd242e5 13.63MB / 54.33MB 1.2s
#4 extracting sha256:6f1334162dbd22de64415efda6a86da26465952016a4d7e8ee04dc5b3c4bcec0 0.1s done
#4 sha256:876939047d48ed1b76c20ac84bb0be0b58fd38f9c210603d860b9e4f5fbb4364 0B / 1.22kB 1.2s
#4 extracting sha256:c5a70bb6423c1156fb63b5c572f0e2329ff3942b7be28669edfd8cbcd419375f
#4 sha256:544d3744fe87ea7a13487b79053799d122ae400a5df5df1ac5eaae87e3d0f5da 13.63MB / 45.49MB 1.3s
#4 sha256:b705a9706bbcebf1fd19520a89968cffceaf970131f24d1fc4598667dcd242e5 16.78MB / 54.33MB 1.3s
#4 sha256:876939047d48ed1b76c20ac84bb0be0b58fd38f9c210603d860b9e4f5fbb4364 1.22kB / 1.22kB 1.3s
#4 extracting sha256:c5a70bb6423c1156fb63b5c572f0e2329ff3942b7be28669edfd8cbcd419375f done
#4 extracting sha256:c10a359f79c52dda530296840db7d7fb0e68b0c1e13039794ec91d863006f5ed done
#4 sha256:544d3744fe87ea7a13487b79053799d122ae400a5df5df1ac5eaae87e3d0f5da 20.97MB / 45.49MB 1.5s
#4 sha256:b705a9706bbcebf1fd19520a89968cffceaf970131f24d1fc4598667dcd242e5 24.12MB / 54.33MB 1.5s
#4 sha256:876939047d48ed1b76c20ac84bb0be0b58fd38f9c210603d860b9e4f5fbb4364 1.22kB / 1.22kB 1.3s done
#4 sha256:544d3744fe87ea7a13487b79053799d122ae400a5df5df1ac5eaae87e3d0f5da 25.17MB / 45.49MB 1.6s
#4 sha256:b705a9706bbcebf1fd19520a89968cffceaf970131f24d1fc4598667dcd242e5 28.31MB / 54.33MB 1.6s
#4 sha256:544d3744fe87ea7a13487b79053799d122ae400a5df5df1ac5eaae87e3d0f5da 29.36MB / 45.49MB 1.7s
#4 sha256:b705a9706bbcebf1fd19520a89968cffceaf970131f24d1fc4598667dcd242e5 32.51MB / 54.33MB 1.7s
#4 sha256:544d3744fe87ea7a13487b79053799d122ae400a5df5df1ac5eaae87e3d0f5da 33.55MB / 45.49MB 1.8s
#4 sha256:b705a9706bbcebf1fd19520a89968cffceaf970131f24d1fc4598667dcd242e5 36.70MB / 54.33MB 1.8s
#4 sha256:544d3744fe87ea7a13487b79053799d122ae400a5df5df1ac5eaae87e3d0f5da 37.75MB / 45.49MB 1.9s
#4 sha256:b705a9706bbcebf1fd19520a89968cffceaf970131f24d1fc4598667dcd242e5 39.85MB / 54.33MB 1.9s
#4 sha256:544d3744fe87ea7a13487b79053799d122ae400a5df5df1ac5eaae87e3d0f5da 45.09MB / 45.49MB 2.1s
#4 sha256:b705a9706bbcebf1fd19520a89968cffceaf970131f24d1fc4598667dcd242e5 48.23MB / 54.33MB 2.1s
#4 sha256:544d3744fe87ea7a13487b79053799d122ae400a5df5df1ac5eaae87e3d0f5da 45.49MB / 45.49MB 2.1s done
#4 sha256:b705a9706bbcebf1fd19520a89968cffceaf970131f24d1fc4598667dcd242e5 54.33MB / 54.33MB 2.2s
#4 sha256:b705a9706bbcebf1fd19520a89968cffceaf970131f24d1fc4598667dcd242e5 54.33MB / 54.33MB 2.2s done
#4 extracting sha256:b705a9706bbcebf1fd19520a89968cffceaf970131f24d1fc4598667dcd242e5 0.1s
#4 extracting sha256:b705a9706bbcebf1fd19520a89968cffceaf970131f24d1fc4598667dcd242e5 0.8s done
#4 extracting sha256:544d3744fe87ea7a13487b79053799d122ae400a5df5df1ac5eaae87e3d0f5da
#4 extracting sha256:544d3744fe87ea7a13487b79053799d122ae400a5df5df1ac5eaae87e3d0f5da 2.2s done
#4 extracting sha256:039ac791813510270a27b39b7aaafe0aaaa3ceb016656fc60f905c4ef289b86c
#4 extracting sha256:039ac791813510270a27b39b7aaafe0aaaa3ceb016656fc60f905c4ef289b86c done
#4 extracting sha256:876939047d48ed1b76c20ac84bb0be0b58fd38f9c210603d860b9e4f5fbb4364 done
#4 DONE 5.8s

#5 [2/4] RUN mkdir -p "/var/lib/grafana-plugins" &&     chown -R grafana:0 "/var/lib/grafana-plugins" &&     if [ false = "true" ]; then       if grep -i -q alpine /etc/issue; then         apk add --no-cache udev ttf-opensans chromium &&         ln -s /usr/bin/chromium-browser "/usr/bin/chrome";       else         cd /tmp &&         curl -sLO https://dl.google.com/linux/direct/google-chrome-stable_current_amd64.deb &&         DEBIAN_FRONTEND=noninteractive &&         apt-get update -q &&         apt-get install -q -y ./google-chrome-stable_current_amd64.deb &&         rm -rf /var/lib/apt/lists/* &&         rm ./google-chrome-stable_current_amd64.deb &&         ln -s /usr/bin/google-chrome "/usr/bin/chrome";       fi     fi
#5 DONE 0.5s

#6 [3/4] RUN if [ false = "true" ]; then       grafana-cli         --pluginsDir "/var/lib/grafana-plugins"         --pluginUrl https://github.com/grafana/grafana-image-renderer/releases/latest/download/plugin-linux-x64-glibc-no-chromium.zip         plugins install grafana-image-renderer;     fi
#6 DONE 0.4s

#7 [4/4] RUN if [ ! -z "grafana-clock-panel,grafana-simple-json-datasource" ]; then       OLDIFS=$IFS;       IFS=',';       set -e ;       for plugin in grafana-clock-panel,grafana-simple-json-datasource; do         IFS=$OLDIFS;         if expr match "$plugin" '.*\;.*'; then           pluginUrl=$(echo "$plugin" | cut -d';' -f 1);           pluginInstallFolder=$(echo "$plugin" | cut -d';' -f 2);           grafana-cli --pluginUrl ${pluginUrl} --pluginsDir "/var/lib/grafana-plugins" plugins install "${pluginInstallFolder}";         else           grafana-cli --pluginsDir "/var/lib/grafana-plugins" plugins install ${plugin};         fi       done     fi
#7 0.414 0
#7 0.415 Deprecation warning: The standalone 'grafana-cli' program is deprecated and will be removed in the future. Please update all uses of 'grafana-cli' to 'grafana cli'
#7 0.701 ✔ Downloaded and extracted grafana-clock-panel v2.1.3 zip successfully to /var/lib/grafana-plugins/grafana-clock-panel
#7 0.701 
#7 0.701 Please restart Grafana after installing or removing plugins. Refer to Grafana documentation for instructions if necessary.
#7 0.701 
#7 0.703 0
#7 0.704 Deprecation warning: The standalone 'grafana-cli' program is deprecated and will be removed in the future. Please update all uses of 'grafana-cli' to 'grafana cli'
#7 1.057 ✔ Downloaded and extracted grafana-simple-json-datasource v1.4.2 zip successfully to /var/lib/grafana-plugins/grafana-simple-json-datasource
#7 1.057 
#7 1.057 Please restart Grafana after installing or removing plugins. Refer to Grafana documentation for instructions if necessary.
#7 1.057 
#7 DONE 1.1s

#8 exporting to image
#8 exporting layers
#8 exporting layers 0.1s done
#8 writing image sha256:f6337e831e3a2777b3f8eca71fcb53cdbcadb01ef22d3052a98d1605af2d1950 done
#8 naming to docker.io/library/grafana-custom done
#8 DONE 0.1s

What's Next?
  View a summary of image vulnerabilities and recommendations → docker scout quickview
